<?xml version="1.0" encoding="UTF-8" ?>
<testsuite tests="6" failures="0" name="zemberek.core.collections.IntMapTest" time="0.202" errors="0" skipped="1">
  <properties>
[...]
</properties>
  <testcase classname="zemberek.core.collections.IntMapTest" name="initializesCorrectly" time="0.001"/>
  <testcase classname="zemberek.core.collections.IntMapTest" name="expandsCorrectly" time="0.02"/>
  <testcase classname="zemberek.core.collections.IntMapTest" name="putAddsAndUpdatesElementsCorrectly" time="0.012"/>
  <testcase classname="zemberek.core.collections.IntMapTest" name="addingElementsFromAnotherIntMapMustBeFast" time="0.012">
    <skipped message="Not a test. Only a performance comparison."/>
  </testcase>
  <testcase classname="zemberek.core.collections.IntMapTest" name="survivesSimpleFuzzing" time="0.157"/>
  <testcase classname="zemberek.core.collections.IntMapTest" name="failsOnInvalidSizes" time="0"/>
</testsuite>