<?xml version="1.0" encoding="UTF-8" ?>
<testsuite tests="17" failures="0" name="zemberek.core.io.TestBytes" time="0.002" errors="0" skipped="1">
  <properties>
[...]
</properties>
  <testcase classname="zemberek.core.io.TestBytes" name="toHexWithZerosExceptionTest" time="0"/>
  <testcase classname="zemberek.core.io.TestBytes" name="toHexWithZerostWithZerosTest" time="0"/>
  <testcase classname="zemberek.core.io.TestBytes" name="testToShort" time="0"/>
  <testcase classname="zemberek.core.io.TestBytes" name="testByteArray" time="0"/>
  <testcase classname="zemberek.core.io.TestBytes" name="testToInt" time="0"/>
  <testcase classname="zemberek.core.io.TestBytes" name="testToByteArrayInt" time="0"/>
  <testcase classname="zemberek.core.io.TestBytes" name="testtoByteArray" time="0"/>
  <testcase classname="zemberek.core.io.TestBytes" name="toHextTest" time="0"/>
  <testcase classname="zemberek.core.io.TestBytes" name="testToIntArray" time="0"/>
  <testcase classname="zemberek.core.io.TestBytes" name="dump" time="0">
    <skipped message="Not a test"/>
  </testcase>
  <testcase classname="zemberek.core.io.TestBytes" name="toHexExceptionTest" time="0"/>
  <testcase classname="zemberek.core.io.TestBytes" name="testtoByteArrayLArgeNumberException" time="0.001"/>
  <testcase classname="zemberek.core.io.TestBytes" name="testNormalize" time="0"/>
  <testcase classname="zemberek.core.io.TestBytes" name="testToByteShort" time="0"/>
  <testcase classname="zemberek.core.io.TestBytes" name="testToByteArrayShort" time="0"/>
  <testcase classname="zemberek.core.io.TestBytes" name="testToByte" time="0"/>
  <testcase classname="zemberek.core.io.TestBytes" name="testtoByteArrayNegativeException" time="0.001"/>
</testsuite>